<component name="libraryTable">
  <library name="junit-jupiter-5.8.2">
    <CLASSES>
      <root url="jar://$PROJECT_DIR$/../../../../../jars/junit-jupiter/junit-jupiter-5.8.2.jar!/" />
      <root url="jar://$PROJECT_DIR$/../../../../../jars/junit-jupiter/junit-jupiter-api-5.8.2.jar!/" />
      <root url="jar://$PROJECT_DIR$/../../../../../jars/junit-jupiter/junit-jupiter-engine-5.8.2.jar!/" />
      <root url="jar://$PROJECT_DIR$/../../../../../jars/junit-jupiter/junit-jupiter-migrationsupport-5.8.2.jar!/" />
      <root url="jar://$PROJECT_DIR$/../../../../../jars/junit-jupiter/junit-jupiter-params-5.8.2.jar!/" />
    </CLASSES>
    <JAVADOC />
    <SOURCES />
  </library>
</component>